Workflow defines that rule get_genome is eligible for caching between workflows (use the --cache argument to enable this).
Workflow defines that rule get_annotation is eligible for caching between workflows (use the --cache argument to enable this).
Workflow defines that rule genome_faidx is eligible for caching between workflows (use the --cache argument to enable this).
Workflow defines that rule bwa_index is eligible for caching between workflows (use the --cache argument to enable this).
Workflow defines that rule star_index is eligible for caching between workflows (use the --cache argument to enable this).
Workflow defines that rule rsem_ref is eligible for caching between workflows (use the --cache argument to enable this).
Building DAG of jobs...
InputFunctionException in line 22 of /home/cirm/Desktop/Hong_Kong/rna-seq-star-deseq2/.test/workflow/rules/align.smk:
Error:
  KeyError: 'B1  2   ngs-test-data/reads/b.scerevisiae.1.fq-ngs-test'
Wildcards:
  sample=B1  2   ngs-test-data/reads/b.scerevisiae.1.fq-ngs-test
  unit=data/reads/b.scerevisiae.2.fq
Traceback:
  File "/home/cirm/Desktop/Hong_Kong/rna-seq-star-deseq2/.test/workflow/rules/common.smk", line 127, in get_map_reads_input_R1
  File "/home/cirm/Desktop/Hong_Kong/rna-seq-star-deseq2/.test/workflow/rules/common.smk", line 98, in is_paired_end
  File "/home/cirm/miniconda3/envs/snakemake/lib/python3.9/site-packages/pandas/core/indexing.py", line 931, in __getitem__
  File "/home/cirm/miniconda3/envs/snakemake/lib/python3.9/site-packages/pandas/core/indexing.py", line 1164, in _getitem_axis
  File "/home/cirm/miniconda3/envs/snakemake/lib/python3.9/site-packages/pandas/core/indexing.py", line 1113, in _get_label
  File "/home/cirm/miniconda3/envs/snakemake/lib/python3.9/site-packages/pandas/core/generic.py", line 3767, in xs
  File "/home/cirm/miniconda3/envs/snakemake/lib/python3.9/site-packages/pandas/core/indexes/multi.py", line 3112, in _get_loc_level
  File "/home/cirm/miniconda3/envs/snakemake/lib/python3.9/site-packages/pandas/core/indexes/multi.py", line 3204, in _get_level_indexer
  File "/home/cirm/miniconda3/envs/snakemake/lib/python3.9/site-packages/pandas/core/indexes/multi.py", line 2855, in _get_loc_single_level_index
  File "/home/cirm/miniconda3/envs/snakemake/lib/python3.9/site-packages/pandas/core/indexes/base.py", line 3363, in get_loc
