UnknownType in line 29 of /home/cirm/Desktop/Hong_Kong/rna-seq-star-deseq2/.test/workflow/rules/common.smk:

Unknown type 'float' for validator with schema:
    OrderedDict([('$schema', 'http://json-schema.org/draft-04/schema#'),
                 ('description',
                  'row of the units.tsv, representing a sequencing unit, '
                  'i.e. single-end or paired-end data'),
                 ('type', 'object'),
                 ('properties',
                  OrderedDict([('sample_name',
                                OrderedDict([('type', 'string'),
                                             ('description',
                                              'sample name/id the unit has '
                                              'been sequenced from')])),
                               ('unit_name',
                                OrderedDict([('type', 'string'),
                                             ('description', 'unit id')])),
                               ('fq1',
                                OrderedDict([('type', 'string'),
                                             ('description',
                                              'path to FASTQ file')])),
                               ('fq2',
                                OrderedDict([('type', 'string'),
                                             ('description',
                                              'path to second FASTQ file '
                                              '(leave empty in case of '
                                              'single-end)')])),
                               ('sra',
                                OrderedDict([('type', 'string'),
                                             ('description',
                                              'SRA id for automatic '
                                              'download of unit')])),
                               ('adapters',
                                OrderedDict([('type', 'string'),
                                             ('description',
                                              'adapter trimming settings '
                                              'to use (for cutadapt)')])),
                               ('strandedness',
                                OrderedDict([('type', 'float'),
                                             ('description',
                                              'one of the values 0.5 (not '
                                              'stranded), 1.0 (forward '
                                              'stranded) or 0.0 (reverse '
                                              'stranded) according to '
                                              'protocol '
                                              'strandedness')]))])),
                 ('required', ['sample_name', 'unit_name'])])

While checking instance:
    1.0
  File "/home/cirm/Desktop/Hong_Kong/rna-seq-star-deseq2/.test/workflow/Snakefile", line 25, in <module>
  File "/home/cirm/Desktop/Hong_Kong/rna-seq-star-deseq2/.test/workflow/rules/common.smk", line 29, in <module>
  File "/home/cirm/miniconda3/envs/snakemake/lib/python3.9/site-packages/jsonschema/validators.py", line 352, in validate
  File "/home/cirm/miniconda3/envs/snakemake/lib/python3.9/site-packages/jsonschema/validators.py", line 328, in iter_errors
  File "/home/cirm/miniconda3/envs/snakemake/lib/python3.9/site-packages/jsonschema/_validators.py", line 282, in properties
  File "/home/cirm/miniconda3/envs/snakemake/lib/python3.9/site-packages/jsonschema/validators.py", line 344, in descend
  File "/home/cirm/miniconda3/envs/snakemake/lib/python3.9/site-packages/jsonschema/validators.py", line 328, in iter_errors
  File "/home/cirm/miniconda3/envs/snakemake/lib/python3.9/site-packages/jsonschema/_validators.py", line 272, in type
  File "/home/cirm/miniconda3/envs/snakemake/lib/python3.9/site-packages/jsonschema/_validators.py", line 272, in <genexpr>
  File "/home/cirm/miniconda3/envs/snakemake/lib/python3.9/site-packages/jsonschema/validators.py", line 359, in is_type
