Workflow defines that rule get_genome_gencode is eligible for caching between workflows (use the --cache argument to enable this).
Workflow defines that rule genome_faidx is eligible for caching between workflows (use the --cache argument to enable this).
Workflow defines that rule bwa_index is eligible for caching between workflows (use the --cache argument to enable this).
Workflow defines that rule star_index is eligible for caching between workflows (use the --cache argument to enable this).
Workflow defines that rule rsem_ref is eligible for caching between workflows (use the --cache argument to enable this).
Workflow defines that rule rmsk_to_gtf is eligible for caching between workflows (use the --cache argument to enable this).
Workflow defines that rule rseqc_gtf2bed is eligible for caching between workflows (use the --cache argument to enable this).
Workflow defines that rule twoBitInfo_sort is eligible for caching between workflows (use the --cache argument to enable this).
Workflow defines that rule gene_name is eligible for caching between workflows (use the --cache argument to enable this).
Building DAG of jobs...
Job stats:
job                          count    min threads    max threads
-------------------------  -------  -------------  -------------
align_pe                         4              1              1
align_pe_2pass                   4              1              1
all                              1              1              1
bedGraphToBigWig_str1            4              1              1
bedGraphToBigWig_str2            4              1              1
deseq2                           1              1              1
deseq2_init_TE                   1              1              1
faToTwoBit_fa                    1              1              1
get_genome_gencode               1              1              1
get_rmsk                         1              1              1
merge_fastqs                     8              1              1
multiqc                          1              1              1
pca                              1              1              1
rmsk_to_gtf                      1              1              1
rsem_pe                          4              1              1
rsem_ref                         1              1              1
rseqc_gtf2bed                    1              1              1
rseqc_infer                      4              1              1
rseqc_innerdis                   4              1              1
rseqc_junction_annotation        4              1              1
rseqc_junction_saturation        4              1              1
rseqc_readdis                    4              1              1
rseqc_readgc                     4              1              1
rseqc_stat                       4              1              1
samtools_index_pe                4              1              1
samtools_index_pe_2              4              1              1
samtools_sort_pe                 4              1              1
samtools_sort_pe_2               4              1              1
sort_bw_str                      4              1              1
star_index                       1              1              1
star_str_bw                      4              1              1
twoBitInfo                       1              1              1
twoBitInfo_sort                  1              1              1
total                           94              1              1


[Mon Oct  4 15:49:00 2021]
rule merge_fastqs:
    input: ngs-test-data/reads/c.scerevisiae.2.fq, ngs-test-data/reads/b.scerevisiae.2.fq
    output: results/merged/B2_R2.fastq
    log: logs/merge-fastqs/B2_R2.log
    jobid: 7
    wildcards: sample=B2, read=R2
    resources: tmpdir=/tmp


[Mon Oct  4 15:49:00 2021]
rule get_genome_gencode:
    output: /data1/share/dcyleung/Pipeline/resources/GRCh38/GRCh38.fa, /data1/share/dcyleung/Pipeline/resources/GRCh38/GRCh38.annotation.gtf
    log: logs/get-genome_GRCh38.log
    jobid: 9
    resources: tmpdir=/tmp

[Mon Oct  4 15:49:00 2021]
rule merge_fastqs:
    input: ngs-test-data/reads/a.scerevisiae.2.fq, ngs-test-data/reads/b.scerevisiae.2.fq
    output: results/merged/A2_R2.fastq
    log: logs/merge-fastqs/A2_R2.log
    jobid: 13
    wildcards: sample=A2, read=R2
    resources: tmpdir=/tmp


[Mon Oct  4 15:49:00 2021]
rule merge_fastqs:
    input: ngs-test-data/reads/a.scerevisiae.1.fq, ngs-test-data/reads/b.scerevisiae.1.fq
    output: results/merged/A1_R1.fastq
    log: logs/merge-fastqs/A1_R1.log
    jobid: 15
    wildcards: sample=A1, read=R1
    resources: tmpdir=/tmp


[Mon Oct  4 15:49:00 2021]
rule get_rmsk:
    output: /data1/share/dcyleung/Pipeline/resources/GRCh38/GRCh38.rmsk.txt
    log: logs/get_rmsk_GRCh38.log
    jobid: 51
    resources: tmpdir=/tmp

InputFunctionException in line 228 of /home/cirm/Desktop/Hong_Kong/rna-seq-star-deseq2/.test/workflow/rules/ref.smk:
Error:
  TypeError: get_assembly_rmsk() takes 0 positional arguments but 1 was given
Wildcards:

Traceback:

