WorkflowError in line 29 of /home/cirm/Desktop/Hong_Kong/rna-seq-star-deseq2/.test/workflow/rules/common.smk:
Error validating row 3 of data frame.
ValidationError: 'unit_name' is a required property

Failed validating 'required' in schema:
    OrderedDict([('$schema', 'http://json-schema.org/draft-04/schema#'),
                 ('description',
                  'row of the units.tsv, representing a sequencing unit, '
                  'i.e. single-end or paired-end data'),
                 ('type', 'object'),
                 ('properties',
                  OrderedDict([('sample_name',
                                OrderedDict([('type', 'string'),
                                             ('description',
                                              'sample name/id the unit has '
                                              'been sequenced from')])),
                               ('unit_name',
                                OrderedDict([('type', 'string'),
                                             ('description', 'unit id')])),
                               ('fq1',
                                OrderedDict([('type', 'string'),
                                             ('description',
                                              'path to FASTQ file')])),
                               ('fq2',
                                OrderedDict([('type', 'string'),
                                             ('description',
                                              'path to second FASTQ file '
                                              '(leave empty in case of '
                                              'single-end)')])),
                               ('sra',
                                OrderedDict([('type', 'string'),
                                             ('description',
                                              'SRA id for automatic '
                                              'download of unit')])),
                               ('adapters',
                                OrderedDict([('type', 'string'),
                                             ('description',
                                              'adapter trimming settings '
                                              'to use (for cutadapt)')])),
                               ('strandedness',
                                OrderedDict([('type', 'string'),
                                             ('description',
                                              "one of the values 'none', "
                                              "'yes' or 'reverse' "
                                              'according to protocol '
                                              'strandedness')]))])),
                 ('required', ['sample_name', 'unit_name'])])

On instance:
    {'sample_name': 'B1  2   ngs-test-data/reads/b.scerevisiae.1.fq  '
                    'ngs-test-data/reads/b.scerevisiae.2.fq'}
  File "/home/cirm/Desktop/Hong_Kong/rna-seq-star-deseq2/.test/workflow/Snakefile", line 25, in <module>
  File "/home/cirm/Desktop/Hong_Kong/rna-seq-star-deseq2/.test/workflow/rules/common.smk", line 29, in <module>
