Workflow defines that rule get_genome_gencode is eligible for caching between workflows (use the --cache argument to enable this).
Workflow defines that rule genome_faidx is eligible for caching between workflows (use the --cache argument to enable this).
Workflow defines that rule bwa_index is eligible for caching between workflows (use the --cache argument to enable this).
Workflow defines that rule star_index is eligible for caching between workflows (use the --cache argument to enable this).
Workflow defines that rule rsem_ref is eligible for caching between workflows (use the --cache argument to enable this).
Workflow defines that rule rmsk_to_gtf is eligible for caching between workflows (use the --cache argument to enable this).
Workflow defines that rule annot_gtf2bed is eligible for caching between workflows (use the --cache argument to enable this).
Workflow defines that rule rmsk_gtf2bed is eligible for caching between workflows (use the --cache argument to enable this).
Workflow defines that rule twoBitInfo_sort is eligible for caching between workflows (use the --cache argument to enable this).
Workflow defines that rule gene_name is eligible for caching between workflows (use the --cache argument to enable this).
Building DAG of jobs...
Job stats:
job                          count    min threads    max threads
-------------------------  -------  -------------  -------------
align_pe                         4              1              1
align_pe_2pass                   4              1              1
all                              1              1              1
annot_gtf2bed                    1              1              1
bedGraphToBigWig_str1            4              1              1
bedGraphToBigWig_str2            4              1              1
deseq2                           1              1              1
deseq2_TE                        1              1              1
deseq2_init                      1              1              1
deseq2_init_TE                   1              1              1
faToTwoBit_fa                    1              1              1
get_genome_gencode               1              1              1
get_rmsk                         1              1              1
merge_fastqs                     8              1              1
multiqc                          1              1              1
pca                              1              1              1
pca_TE                           1              1              1
rmsk_gtf2bed                     1              1              1
rmsk_to_gtf                      1              1              1
rsem_pe                          4              1              1
rsem_ref                         1              1              1
rseqc_gtf2bed                    1              1              1
rseqc_infer                      4              1              1
rseqc_innerdis                   4              1              1
rseqc_junction_annotation        4              1              1
rseqc_junction_saturation        4              1              1
rseqc_readdis                    4              1              1
rseqc_readgc                     4              1              1
rseqc_stat                       4              1              1
samtools_index_pe                4              1              1
samtools_index_pe_2              4              1              1
samtools_sort_pe                 4              1              1
samtools_sort_pe_2               4              1              1
sort_bw_str                      4              1              1
star_index                       1              1              1
star_str_bw                      4              1              1
twoBitInfo                       1              1              1
twoBitInfo_sort                  1              1              1
total                           99              1              1


[Wed Oct  6 16:26:42 2021]
rule merge_fastqs:
    input: ngs-test-data/reads/c.scerevisiae.2.fq, ngs-test-data/reads/b.scerevisiae.2.fq
    output: results/merged/B2_R2.fastq
    log: logs/merge-fastqs/B2_R2.log
    jobid: 6
    wildcards: sample=B2, read=R2
    resources: tmpdir=/tmp


[Wed Oct  6 16:26:42 2021]
rule merge_fastqs:
    input: ngs-test-data/reads/c.scerevisiae.1.fq, ngs-test-data/reads/b.scerevisiae.1.fq
    output: results/merged/B1_R1.fastq
    log: logs/merge-fastqs/B1_R1.log
    jobid: 10
    wildcards: sample=B1, read=R1
    resources: tmpdir=/tmp


[Wed Oct  6 16:26:42 2021]
rule merge_fastqs:
    input: ngs-test-data/reads/a.scerevisiae.1.fq, ngs-test-data/reads/b.scerevisiae.1.fq
    output: results/merged/A2_R1.fastq
    log: logs/merge-fastqs/A2_R1.log
    jobid: 14
    wildcards: sample=A2, read=R1
    resources: tmpdir=/tmp


[Wed Oct  6 16:26:42 2021]
rule merge_fastqs:
    input: ngs-test-data/reads/a.scerevisiae.2.fq, ngs-test-data/reads/b.scerevisiae.2.fq
    output: results/merged/A1_R2.fastq
    log: logs/merge-fastqs/A1_R2.log
    jobid: 18
    wildcards: sample=A1, read=R2
    resources: tmpdir=/tmp


[Wed Oct  6 16:26:42 2021]
rule merge_fastqs:
    input: ngs-test-data/reads/c.scerevisiae.2.fq, ngs-test-data/reads/b.scerevisiae.2.fq
    output: results/merged/B1_R2.fastq
    log: logs/merge-fastqs/B1_R2.log
    jobid: 11
    wildcards: sample=B1, read=R2
    resources: tmpdir=/tmp


[Wed Oct  6 16:26:42 2021]
rule get_genome_gencode:
    output: /data1/share/dcyleung/Pipeline/snakemake/resources/GRCh38.fa, /data1/share/dcyleung/Pipeline/snakemake/resources/GRCh38.annotation.gtf
    log: logs/get-genome_GRCh38.log
    jobid: 8
    resources: tmpdir=/tmp

[Wed Oct  6 16:26:42 2021]
rule merge_fastqs:
    input: ngs-test-data/reads/c.scerevisiae.1.fq, ngs-test-data/reads/b.scerevisiae.1.fq
    output: results/merged/B2_R1.fastq
    log: logs/merge-fastqs/B2_R1.log
    jobid: 5
    wildcards: sample=B2, read=R1
    resources: tmpdir=/tmp


[Wed Oct  6 16:26:42 2021]
rule merge_fastqs:
    input: ngs-test-data/reads/a.scerevisiae.2.fq, ngs-test-data/reads/b.scerevisiae.2.fq
    output: results/merged/A2_R2.fastq
    log: logs/merge-fastqs/A2_R2.log
    jobid: 15
    wildcards: sample=A2, read=R2
    resources: tmpdir=/tmp


[Wed Oct  6 16:26:42 2021]
rule merge_fastqs:
    input: ngs-test-data/reads/a.scerevisiae.1.fq, ngs-test-data/reads/b.scerevisiae.1.fq
    output: results/merged/A1_R1.fastq
    log: logs/merge-fastqs/A1_R1.log
    jobid: 17
    wildcards: sample=A1, read=R1
    resources: tmpdir=/tmp


[Wed Oct  6 16:26:42 2021]
rule get_rmsk:
    output: /data1/share/dcyleung/Pipeline/snakemake/resources/GRCh38.rmsk.txt
    log: logs/get_rmsk_GRCh38.log
    jobid: 37
    resources: tmpdir=/tmp


[Wed Oct  6 16:26:42 2021]
rule rsem_ref:
    input: /data1/share/dcyleung/Pipeline/snakemake/resources/GRCh38.annotation.gtf, /data1/share/dcyleung/Pipeline/snakemake/resources/GRCh38.fa
    output: /data1/share/dcyleung/Pipeline/snakemake/resources/rsem_reference_GRCh38.seq, /data1/share/dcyleung/Pipeline/snakemake/resources/rsem_reference_GRCh38.grp, /data1/share/dcyleung/Pipeline/snakemake/resources/rsem_reference_GRCh38.ti
    log: logs/rsem/prepare-reference_GRCh38.log
    jobid: 21
    resources: tmpdir=/tmp


[Wed Oct  6 16:26:42 2021]
rule faToTwoBit_fa:
    input: /data1/share/dcyleung/Pipeline/snakemake/resources/GRCh38.fa
    output: /data1/share/dcyleung/Pipeline/snakemake/resources/GRCh38.2bit
    log: logs/browser/fa_to_2bit.log
    jobid: 43
    resources: tmpdir=/tmp

[Wed Oct  6 16:26:42 2021]
rule rmsk_to_gtf:
    input: /data1/share/dcyleung/Pipeline/snakemake/resources/GRCh38.rmsk.txt
    output: /data1/share/dcyleung/Pipeline/snakemake/resources/GRCh38.rmsk.gtf
    log: logs/rsem/rmsk_to_gtf-GRCh38
    jobid: 36
    resources: tmpdir=/tmp


[Wed Oct  6 16:26:42 2021]
rule rseqc_gtf2bed:
    input: /data1/share/dcyleung/Pipeline/snakemake/resources/GRCh38.annotation.gtf
    output: results/qc/rseqc/annotation.bed, results/qc/rseqc/annotation.db
    log: logs/rseqc_gtf2bed.log
    jobid: 65
    resources: tmpdir=/tmp

[Wed Oct  6 16:26:42 2021]
rule annot_gtf2bed:
    input: /data1/share/dcyleung/Pipeline/snakemake/resources/GRCh38.annotation.gtf
    output: /data1/share/dcyleung/Pipeline/snakemake/resources/GRCh38.annotation.bed
    log: logs/annot_gtf2bed.log
    jobid: 98
    resources: tmpdir=/tmp

RuleException in line 284 of /home/cirm/Desktop/Hong_Kong/rna-seq-star-deseq2/.test/workflow/rules/ref.smk:
NameError: The name ' if ($0 ~ "transcript_id") print $0; else print $0" transcript_id "";"; ' is unknown in this context. Please make sure that you defined that variable. Also note that braces not used for variable access have to be escaped by repeating them, i.e. {{print $1}}
